<?xml version="1.0" encoding="UTF-8"?>
<testsuite xmlns:xsi="http://www.w3.org/2001/XMLSchema-instance" xsi:noNamespaceSchemaLocation="https://maven.apache.org/surefire/maven-surefire-plugin/xsd/surefire-test-report-3.0.xsd" version="3.0" name="impl.service.DeviceServiceImplTest" time="0.006" tests="14" errors="0" skipped="0" failures="0">
  <properties>
[...]
</properties>
  <testcase name="testAdd_DeviceAlreadyExist" classname="impl.service.DeviceServiceImplTest" time="0"/>
  <testcase name="testGetByDeviceHolder_ValidInput" classname="impl.service.DeviceServiceImplTest" time="0.001"/>
  <testcase name="testDeleteByName_DeviceAlreadyExist" classname="impl.service.DeviceServiceImplTest" time="0"/>
  <testcase name="testAdd_MandatoryValueAreMissing" classname="impl.service.DeviceServiceImplTest" time="0"/>
  <testcase name="testDeleteByName_DeviceDoesNotExist" classname="impl.service.DeviceServiceImplTest" time="0.001"/>
  <testcase name="testDeleteAll" classname="impl.service.DeviceServiceImplTest" time="0"/>
  <testcase name="testGetByName_DeviceNotFound" classname="impl.service.DeviceServiceImplTest" time="0"/>
  <testcase name="testAdd_DeviceHolderDoesNotExist" classname="impl.service.DeviceServiceImplTest" time="0"/>
  <testcase name="testAdd_DeviceNameIsEmpty" classname="impl.service.DeviceServiceImplTest" time="0"/>
  <testcase name="testGetByName" classname="impl.service.DeviceServiceImplTest" time="0"/>
  <testcase name="testGetAll" classname="impl.service.DeviceServiceImplTest" time="0"/>
  <testcase name="testGetByDeviceHolder_InvalidInput" classname="impl.service.DeviceServiceImplTest" time="0.001"/>
  <testcase name="testAdd_NullDeviceVO" classname="impl.service.DeviceServiceImplTest" time="0"/>
  <testcase name="testAdd_SuccessCase" classname="impl.service.DeviceServiceImplTest" time="0"/>
</testsuite>